{"D:\\PMTK_2025_SGU\\SGU_KTPM_DO-AN\\frontend\\src\\Context\\StoreContext.jsx": {"path":"D:\\PMTK_2025_SGU\\SGU_KTPM_DO-AN\\frontend\\src\\Context\\StoreContext.jsx","statementMap":{"0":{"start":{"line":8,"column":28},"end":{"line":8,"column":47}},"1":{"start":{"line":10,"column":29},"end":{"line":210,"column":1}},"2":{"start":{"line":11,"column":14},"end":{"line":11,"column":37}},"3":{"start":{"line":12,"column":35},"end":{"line":12,"column":47}},"4":{"start":{"line":13,"column":36},"end":{"line":13,"column":48}},"5":{"start":{"line":14,"column":28},"end":{"line":14,"column":40}},"6":{"start":{"line":15,"column":19},"end":{"line":15,"column":24}},"7":{"start":{"line":16,"column":25},"end":{"line":16,"column":30}},"8":{"start":{"line":19,"column":21},"end":{"line":31,"column":3}},"9":{"start":{"line":20,"column":4},"end":{"line":24,"column":5}},"10":{"start":{"line":21,"column":6},"end":{"line":21,"column":39}},"11":{"start":{"line":23,"column":6},"end":{"line":23,"column":68}},"12":{"start":{"line":25,"column":4},"end":{"line":25,"column":17}},"13":{"start":{"line":26,"column":4},"end":{"line":26,"column":21}},"14":{"start":{"line":27,"column":4},"end":{"line":30,"column":5}},"15":{"start":{"line":29,"column":6},"end":{"line":29,"column":23}},"16":{"start":{"line":34,"column":2},"end":{"line":44,"column":14}},"17":{"start":{"line":36,"column":4},"end":{"line":43,"column":5}},"18":{"start":{"line":37,"column":6},"end":{"line":37,"column":53}},"19":{"start":{"line":41,"column":6},"end":{"line":41,"column":52}},"20":{"start":{"line":42,"column":6},"end":{"line":42,"column":60}},"21":{"start":{"line":46,"column":2},"end":{"line":73,"column":9}},"22":{"start":{"line":48,"column":27},"end":{"line":68,"column":5}},"23":{"start":{"line":49,"column":15},"end":{"line":49,"column":18}},"24":{"start":{"line":51,"column":23},"end":{"line":51,"column":46}},"25":{"start":{"line":52,"column":24},"end":{"line":52,"column":60}},"26":{"start":{"line":55,"column":8},"end":{"line":58,"column":9}},"27":{"start":{"line":56,"column":10},"end":{"line":56,"column":86}},"28":{"start":{"line":57,"column":10},"end":{"line":57,"column":39}},"29":{"start":{"line":61,"column":8},"end":{"line":64,"column":9}},"30":{"start":{"line":63,"column":10},"end":{"line":63,"column":39}},"31":{"start":{"line":66,"column":8},"end":{"line":66,"column":37}},"32":{"start":{"line":70,"column":4},"end":{"line":72,"column":6}},"33":{"start":{"line":71,"column":6},"end":{"line":71,"column":56}},"34":{"start":{"line":76,"column":20},"end":{"line":85,"column":3}},"35":{"start":{"line":77,"column":4},"end":{"line":80,"column":7}},"36":{"start":{"line":78,"column":25},"end":{"line":78,"column":42}},"37":{"start":{"line":79,"column":6},"end":{"line":79,"column":58}},"38":{"start":{"line":82,"column":4},"end":{"line":84,"column":5}},"39":{"start":{"line":83,"column":6},"end":{"line":83,"column":68}},"40":{"start":{"line":87,"column":25},"end":{"line":92,"column":3}},"41":{"start":{"line":88,"column":4},"end":{"line":88,"column":90}},"42":{"start":{"line":88,"column":28},"end":{"line":88,"column":87}},"43":{"start":{"line":89,"column":4},"end":{"line":91,"column":5}},"44":{"start":{"line":90,"column":6},"end":{"line":90,"column":61}},"45":{"start":{"line":94,"column":31},"end":{"line":99,"column":3}},"46":{"start":{"line":95,"column":4},"end":{"line":95,"column":55}},"47":{"start":{"line":95,"column":28},"end":{"line":95,"column":52}},"48":{"start":{"line":96,"column":4},"end":{"line":98,"column":5}},"49":{"start":{"line":97,"column":6},"end":{"line":97,"column":65}},"50":{"start":{"line":101,"column":29},"end":{"line":116,"column":3}},"51":{"start":{"line":102,"column":22},"end":{"line":102,"column":23}},"52":{"start":{"line":103,"column":4},"end":{"line":114,"column":5}},"53":{"start":{"line":104,"column":6},"end":{"line":113,"column":7}},"54":{"start":{"line":105,"column":8},"end":{"line":110,"column":9}},"55":{"start":{"line":106,"column":27},"end":{"line":106,"column":76}},"56":{"start":{"line":106,"column":55},"end":{"line":106,"column":75}},"57":{"start":{"line":107,"column":10},"end":{"line":109,"column":11}},"58":{"start":{"line":108,"column":12},"end":{"line":108,"column":60}},"59":{"start":{"line":112,"column":8},"end":{"line":112,"column":74}},"60":{"start":{"line":115,"column":4},"end":{"line":115,"column":23}},"61":{"start":{"line":118,"column":24},"end":{"line":121,"column":3}},"62":{"start":{"line":119,"column":21},"end":{"line":119,"column":60}},"63":{"start":{"line":120,"column":4},"end":{"line":120,"column":42}},"64":{"start":{"line":123,"column":23},"end":{"line":126,"column":3}},"65":{"start":{"line":124,"column":21},"end":{"line":124,"column":82}},"66":{"start":{"line":125,"column":4},"end":{"line":125,"column":47}},"67":{"start":{"line":129,"column":2},"end":{"line":155,"column":9}},"68":{"start":{"line":132,"column":21},"end":{"line":132,"column":64}},"69":{"start":{"line":134,"column":8},"end":{"line":136,"column":51}},"70":{"start":{"line":138,"column":6},"end":{"line":142,"column":7}},"71":{"start":{"line":139,"column":8},"end":{"line":139,"column":21}},"72":{"start":{"line":141,"column":8},"end":{"line":141,"column":49}},"73":{"start":{"line":145,"column":6},"end":{"line":145,"column":28}},"74":{"start":{"line":148,"column":20},"end":{"line":148,"column":49}},"75":{"start":{"line":149,"column":6},"end":{"line":152,"column":7}},"76":{"start":{"line":150,"column":8},"end":{"line":150,"column":24}},"77":{"start":{"line":151,"column":8},"end":{"line":151,"column":45}},"78":{"start":{"line":154,"column":4},"end":{"line":154,"column":15}},"79":{"start":{"line":158,"column":2},"end":{"line":189,"column":14}},"80":{"start":{"line":159,"column":4},"end":{"line":159,"column":23}},"81":{"start":{"line":159,"column":16},"end":{"line":159,"column":23}},"82":{"start":{"line":161,"column":15},"end":{"line":161,"column":20}},"83":{"start":{"line":163,"column":24},"end":{"line":183,"column":5}},"84":{"start":{"line":164,"column":6},"end":{"line":178,"column":7}},"85":{"start":{"line":165,"column":20},"end":{"line":165,"column":61}},"86":{"start":{"line":167,"column":23},"end":{"line":167,"column":40}},"87":{"start":{"line":168,"column":8},"end":{"line":170,"column":9}},"88":{"start":{"line":169,"column":10},"end":{"line":169,"column":86}},"89":{"start":{"line":172,"column":23},"end":{"line":172,"column":44}},"90":{"start":{"line":173,"column":20},"end":{"line":173,"column":54}},"91":{"start":{"line":175,"column":8},"end":{"line":177,"column":9}},"92":{"start":{"line":179,"column":6},"end":{"line":182,"column":7}},"93":{"start":{"line":181,"column":8},"end":{"line":181,"column":39}},"94":{"start":{"line":185,"column":4},"end":{"line":185,"column":18}},"95":{"start":{"line":186,"column":4},"end":{"line":188,"column":6}},"96":{"start":{"line":187,"column":6},"end":{"line":187,"column":18}},"97":{"start":{"line":191,"column":23},"end":{"line":207,"column":3}},"98":{"start":{"line":209,"column":2},"end":{"line":209,"column":94}},"99":{"start":{"line":214,"column":0},"end":{"line":216,"column":2}}},"fnMap":{"0":{"name":"(anonymous_0)","decl":{"start":{"line":10,"column":29},"end":{"line":10,"column":30}},"loc":{"start":{"line":10,"column":40},"end":{"line":210,"column":1}},"line":10},"1":{"name":"(anonymous_1)","decl":{"start":{"line":19,"column":21},"end":{"line":19,"column":22}},"loc":{"start":{"line":19,"column":30},"end":{"line":31,"column":3}},"line":19},"2":{"name":"(anonymous_2)","decl":{"start":{"line":34,"column":12},"end":{"line":34,"column":13}},"loc":{"start":{"line":34,"column":18},"end":{"line":44,"column":3}},"line":34},"3":{"name":"(anonymous_3)","decl":{"start":{"line":46,"column":12},"end":{"line":46,"column":13}},"loc":{"start":{"line":46,"column":18},"end":{"line":73,"column":3}},"line":46},"4":{"name":"(anonymous_4)","decl":{"start":{"line":49,"column":6},"end":{"line":49,"column":7}},"loc":{"start":{"line":49,"column":15},"end":{"line":49,"column":18}},"line":49},"5":{"name":"(anonymous_5)","decl":{"start":{"line":50,"column":6},"end":{"line":50,"column":7}},"loc":{"start":{"line":50,"column":17},"end":{"line":67,"column":7}},"line":50},"6":{"name":"(anonymous_6)","decl":{"start":{"line":70,"column":11},"end":{"line":70,"column":12}},"loc":{"start":{"line":70,"column":17},"end":{"line":72,"column":5}},"line":70},"7":{"name":"(anonymous_7)","decl":{"start":{"line":76,"column":20},"end":{"line":76,"column":21}},"loc":{"start":{"line":76,"column":52},"end":{"line":85,"column":3}},"line":76},"8":{"name":"(anonymous_8)","decl":{"start":{"line":77,"column":17},"end":{"line":77,"column":18}},"loc":{"start":{"line":77,"column":27},"end":{"line":80,"column":5}},"line":77},"9":{"name":"(anonymous_9)","decl":{"start":{"line":87,"column":25},"end":{"line":87,"column":26}},"loc":{"start":{"line":87,"column":43},"end":{"line":92,"column":3}},"line":87},"10":{"name":"(anonymous_10)","decl":{"start":{"line":88,"column":17},"end":{"line":88,"column":18}},"loc":{"start":{"line":88,"column":28},"end":{"line":88,"column":87}},"line":88},"11":{"name":"(anonymous_11)","decl":{"start":{"line":94,"column":31},"end":{"line":94,"column":32}},"loc":{"start":{"line":94,"column":49},"end":{"line":99,"column":3}},"line":94},"12":{"name":"(anonymous_12)","decl":{"start":{"line":95,"column":17},"end":{"line":95,"column":18}},"loc":{"start":{"line":95,"column":28},"end":{"line":95,"column":52}},"line":95},"13":{"name":"(anonymous_13)","decl":{"start":{"line":101,"column":29},"end":{"line":101,"column":30}},"loc":{"start":{"line":101,"column":35},"end":{"line":116,"column":3}},"line":101},"14":{"name":"(anonymous_14)","decl":{"start":{"line":106,"column":42},"end":{"line":106,"column":43}},"loc":{"start":{"line":106,"column":55},"end":{"line":106,"column":75}},"line":106},"15":{"name":"(anonymous_15)","decl":{"start":{"line":118,"column":24},"end":{"line":118,"column":25}},"loc":{"start":{"line":118,"column":36},"end":{"line":121,"column":3}},"line":118},"16":{"name":"(anonymous_16)","decl":{"start":{"line":123,"column":23},"end":{"line":123,"column":24}},"loc":{"start":{"line":123,"column":38},"end":{"line":126,"column":3}},"line":123},"17":{"name":"(anonymous_17)","decl":{"start":{"line":129,"column":12},"end":{"line":129,"column":13}},"loc":{"start":{"line":129,"column":18},"end":{"line":155,"column":3}},"line":129},"18":{"name":"loadData","decl":{"start":{"line":130,"column":19},"end":{"line":130,"column":27}},"loc":{"start":{"line":130,"column":30},"end":{"line":153,"column":5}},"line":130},"19":{"name":"(anonymous_19)","decl":{"start":{"line":158,"column":12},"end":{"line":158,"column":13}},"loc":{"start":{"line":158,"column":18},"end":{"line":189,"column":3}},"line":158},"20":{"name":"(anonymous_20)","decl":{"start":{"line":163,"column":24},"end":{"line":163,"column":25}},"loc":{"start":{"line":163,"column":36},"end":{"line":183,"column":5}},"line":163},"21":{"name":"(anonymous_21)","decl":{"start":{"line":186,"column":11},"end":{"line":186,"column":12}},"loc":{"start":{"line":186,"column":17},"end":{"line":188,"column":5}},"line":186}},"branchMap":{"0":{"loc":{"start":{"line":27,"column":4},"end":{"line":30,"column":5}},"type":"if","locations":[{"start":{"line":27,"column":4},"end":{"line":30,"column":5}},{"start":{},"end":{}}],"line":27},"1":{"loc":{"start":{"line":36,"column":4},"end":{"line":43,"column":5}},"type":"if","locations":[{"start":{"line":36,"column":4},"end":{"line":43,"column":5}},{"start":{"line":40,"column":11},"end":{"line":43,"column":5}}],"line":36},"2":{"loc":{"start":{"line":52,"column":24},"end":{"line":52,"column":60}},"type":"binary-expr","locations":[{"start":{"line":52,"column":24},"end":{"line":52,"column":54}},{"start":{"line":52,"column":58},"end":{"line":52,"column":60}}],"line":52},"3":{"loc":{"start":{"line":55,"column":8},"end":{"line":58,"column":9}},"type":"if","locations":[{"start":{"line":55,"column":8},"end":{"line":58,"column":9}},{"start":{},"end":{}}],"line":55},"4":{"loc":{"start":{"line":55,"column":12},"end":{"line":55,"column":71}},"type":"binary-expr","locations":[{"start":{"line":55,"column":12},"end":{"line":55,"column":26}},{"start":{"line":55,"column":30},"end":{"line":55,"column":71}}],"line":55},"5":{"loc":{"start":{"line":61,"column":8},"end":{"line":64,"column":9}},"type":"if","locations":[{"start":{"line":61,"column":8},"end":{"line":64,"column":9}},{"start":{},"end":{}}],"line":61},"6":{"loc":{"start":{"line":76,"column":35},"end":{"line":76,"column":47}},"type":"default-arg","locations":[{"start":{"line":76,"column":46},"end":{"line":76,"column":47}}],"line":76},"7":{"loc":{"start":{"line":78,"column":25},"end":{"line":78,"column":42}},"type":"binary-expr","locations":[{"start":{"line":78,"column":25},"end":{"line":78,"column":37}},{"start":{"line":78,"column":41},"end":{"line":78,"column":42}}],"line":78},"8":{"loc":{"start":{"line":82,"column":4},"end":{"line":84,"column":5}},"type":"if","locations":[{"start":{"line":82,"column":4},"end":{"line":84,"column":5}},{"start":{},"end":{}}],"line":82},"9":{"loc":{"start":{"line":88,"column":59},"end":{"line":88,"column":76}},"type":"binary-expr","locations":[{"start":{"line":88,"column":59},"end":{"line":88,"column":71}},{"start":{"line":88,"column":75},"end":{"line":88,"column":76}}],"line":88},"10":{"loc":{"start":{"line":89,"column":4},"end":{"line":91,"column":5}},"type":"if","locations":[{"start":{"line":89,"column":4},"end":{"line":91,"column":5}},{"start":{},"end":{}}],"line":89},"11":{"loc":{"start":{"line":96,"column":4},"end":{"line":98,"column":5}},"type":"if","locations":[{"start":{"line":96,"column":4},"end":{"line":98,"column":5}},{"start":{},"end":{}}],"line":96},"12":{"loc":{"start":{"line":105,"column":8},"end":{"line":110,"column":9}},"type":"if","locations":[{"start":{"line":105,"column":8},"end":{"line":110,"column":9}},{"start":{},"end":{}}],"line":105},"13":{"loc":{"start":{"line":107,"column":10},"end":{"line":109,"column":11}},"type":"if","locations":[{"start":{"line":107,"column":10},"end":{"line":109,"column":11}},{"start":{},"end":{}}],"line":107},"14":{"loc":{"start":{"line":120,"column":16},"end":{"line":120,"column":40}},"type":"binary-expr","locations":[{"start":{"line":120,"column":16},"end":{"line":120,"column":34}},{"start":{"line":120,"column":38},"end":{"line":120,"column":40}}],"line":120},"15":{"loc":{"start":{"line":125,"column":17},"end":{"line":125,"column":45}},"type":"binary-expr","locations":[{"start":{"line":125,"column":17},"end":{"line":125,"column":39}},{"start":{"line":125,"column":43},"end":{"line":125,"column":45}}],"line":125},"16":{"loc":{"start":{"line":134,"column":8},"end":{"line":136,"column":51}},"type":"binary-expr","locations":[{"start":{"line":134,"column":8},"end":{"line":134,"column":36}},{"start":{"line":135,"column":8},"end":{"line":135,"column":39}},{"start":{"line":136,"column":8},"end":{"line":136,"column":51}}],"line":134},"17":{"loc":{"start":{"line":138,"column":6},"end":{"line":142,"column":7}},"type":"if","locations":[{"start":{"line":138,"column":6},"end":{"line":142,"column":7}},{"start":{},"end":{}}],"line":138},"18":{"loc":{"start":{"line":149,"column":6},"end":{"line":152,"column":7}},"type":"if","locations":[{"start":{"line":149,"column":6},"end":{"line":152,"column":7}},{"start":{},"end":{}}],"line":149},"19":{"loc":{"start":{"line":159,"column":4},"end":{"line":159,"column":23}},"type":"if","locations":[{"start":{"line":159,"column":4},"end":{"line":159,"column":23}},{"start":{},"end":{}}],"line":159},"20":{"loc":{"start":{"line":168,"column":8},"end":{"line":170,"column":9}},"type":"if","locations":[{"start":{"line":168,"column":8},"end":{"line":170,"column":9}},{"start":{},"end":{}}],"line":168},"21":{"loc":{"start":{"line":168,"column":12},"end":{"line":168,"column":53}},"type":"binary-expr","locations":[{"start":{"line":168,"column":12},"end":{"line":168,"column":18}},{"start":{"line":168,"column":22},"end":{"line":168,"column":53}}],"line":168},"22":{"loc":{"start":{"line":173,"column":20},"end":{"line":173,"column":54}},"type":"binary-expr","locations":[{"start":{"line":173,"column":20},"end":{"line":173,"column":48}},{"start":{"line":173,"column":52},"end":{"line":173,"column":54}}],"line":173},"23":{"loc":{"start":{"line":175,"column":8},"end":{"line":177,"column":9}},"type":"if","locations":[{"start":{"line":175,"column":8},"end":{"line":177,"column":9}},{"start":{},"end":{}}],"line":175},"24":{"loc":{"start":{"line":175,"column":12},"end":{"line":175,"column":67}},"type":"binary-expr","locations":[{"start":{"line":175,"column":12},"end":{"line":175,"column":26}},{"start":{"line":175,"column":30},"end":{"line":175,"column":67}}],"line":175},"25":{"loc":{"start":{"line":179,"column":6},"end":{"line":182,"column":7}},"type":"if","locations":[{"start":{"line":179,"column":6},"end":{"line":182,"column":7}},{"start":{},"end":{}}],"line":179}},"s":{"0":1,"1":1,"2":0,"3":0,"4":0,"5":0,"6":0,"7":0,"8":0,"9":0,"10":0,"11":0,"12":0,"13":0,"14":0,"15":0,"16":0,"17":0,"18":0,"19":0,"20":0,"21":0,"22":0,"23":0,"24":0,"25":0,"26":0,"27":0,"28":0,"29":0,"30":0,"31":0,"32":0,"33":0,"34":0,"35":0,"36":0,"37":0,"38":0,"39":0,"40":0,"41":0,"42":0,"43":0,"44":0,"45":0,"46":0,"47":0,"48":0,"49":0,"50":0,"51":0,"52":0,"53":0,"54":0,"55":0,"56":0,"57":0,"58":0,"59":0,"60":0,"61":0,"62":0,"63":0,"64":0,"65":0,"66":0,"67":0,"68":0,"69":0,"70":0,"71":0,"72":0,"73":0,"74":0,"75":0,"76":0,"77":0,"78":0,"79":0,"80":0,"81":0,"82":0,"83":0,"84":0,"85":0,"86":0,"87":0,"88":0,"89":0,"90":0,"91":0,"92":0,"93":0,"94":0,"95":0,"96":0,"97":0,"98":0,"99":1},"f":{"0":0,"1":0,"2":0,"3":0,"4":0,"5":0,"6":0,"7":0,"8":0,"9":0,"10":0,"11":0,"12":0,"13":0,"14":0,"15":0,"16":0,"17":0,"18":0,"19":0,"20":0,"21":0},"b":{"0":[0,0],"1":[0,0],"2":[0,0],"3":[0,0],"4":[0,0],"5":[0,0],"6":[0],"7":[0,0],"8":[0,0],"9":[0,0],"10":[0,0],"11":[0,0],"12":[0,0],"13":[0,0],"14":[0,0],"15":[0,0],"16":[0,0,0],"17":[0,0],"18":[0,0],"19":[0,0],"20":[0,0],"21":[0,0],"22":[0,0],"23":[0,0],"24":[0,0],"25":[0,0]},"_coverageSchema":"1a1c01bbd47fc00a2c39e90264f33305004495a9","hash":"aaca32d6da0120d6610eecb1f2874164bacee8d0"}
,"D:\\PMTK_2025_SGU\\SGU_KTPM_DO-AN\\frontend\\src\\components\\FoodItem\\FoodItem.jsx": {"path":"D:\\PMTK_2025_SGU\\SGU_KTPM_DO-AN\\frontend\\src\\components\\FoodItem\\FoodItem.jsx","statementMap":{"0":{"start":{"line":7,"column":17},"end":{"line":62,"column":1}},"1":{"start":{"line":9,"column":4},"end":{"line":9,"column":28}},"2":{"start":{"line":11,"column":20},"end":{"line":11,"column":38}},"3":{"start":{"line":13,"column":2},"end":{"line":61,"column":4}},"4":{"start":{"line":29,"column":27},"end":{"line":29,"column":40}},"5":{"start":{"line":37,"column":29},"end":{"line":37,"column":47}},"6":{"start":{"line":43,"column":29},"end":{"line":43,"column":42}}},"fnMap":{"0":{"name":"(anonymous_0)","decl":{"start":{"line":7,"column":17},"end":{"line":7,"column":18}},"loc":{"start":{"line":7,"column":55},"end":{"line":62,"column":1}},"line":7},"1":{"name":"(anonymous_1)","decl":{"start":{"line":29,"column":21},"end":{"line":29,"column":22}},"loc":{"start":{"line":29,"column":27},"end":{"line":29,"column":40}},"line":29},"2":{"name":"(anonymous_2)","decl":{"start":{"line":37,"column":23},"end":{"line":37,"column":24}},"loc":{"start":{"line":37,"column":29},"end":{"line":37,"column":47}},"line":37},"3":{"name":"(anonymous_3)","decl":{"start":{"line":43,"column":23},"end":{"line":43,"column":24}},"loc":{"start":{"line":43,"column":29},"end":{"line":43,"column":42}},"line":43}},"branchMap":{"0":{"loc":{"start":{"line":11,"column":20},"end":{"line":11,"column":38}},"type":"binary-expr","locations":[{"start":{"line":11,"column":20},"end":{"line":11,"column":33}},{"start":{"line":11,"column":37},"end":{"line":11,"column":38}}],"line":11},"1":{"loc":{"start":{"line":26,"column":9},"end":{"line":47,"column":9}},"type":"cond-expr","locations":[{"start":{"line":27,"column":10},"end":{"line":32,"column":12}},{"start":{"line":34,"column":10},"end":{"line":46,"column":16}}],"line":26}},"s":{"0":1,"1":3,"2":3,"3":3,"4":1,"5":1,"6":1},"f":{"0":3,"1":1,"2":1,"3":1},"b":{"0":[3,2],"1":[2,1]},"_coverageSchema":"1a1c01bbd47fc00a2c39e90264f33305004495a9","hash":"54107725c875049f953a9bd33749fac59b77f5a6"}
}
