<?xml version="1.0" encoding="UTF-8"?>
<coverage generated="1765707867567" clover="3.2.0">
  <project timestamp="1765707867567" name="All files">
    <metrics statements="71" coveredstatements="71" conditionals="51" coveredconditionals="45" methods="16" coveredmethods="16" elements="138" coveredelements="132" complexity="0" loc="71" ncloc="71" packages="2" files="2" classes="2"/>
    <package name="Add">
      <metrics statements="40" coveredstatements="40" conditionals="8" coveredconditionals="8" methods="8" coveredmethods="8"/>
      <file name="Add.jsx" path="D:\PMTK_2025_SGU\SGU_KTPM_DO-AN\admin\src\pages\Add\Add.jsx">
        <metrics statements="40" coveredstatements="40" conditionals="8" coveredconditionals="8" methods="8" coveredmethods="8"/>
        <line num="8" count="1" type="stmt"/>
        <line num="9" count="22" type="stmt"/>
        <line num="10" count="22" type="stmt"/>
        <line num="11" count="22" type="stmt"/>
        <line num="19" count="22" type="stmt"/>
        <line num="20" count="9" type="stmt"/>
        <line num="21" count="9" type="stmt"/>
        <line num="22" count="9" type="stmt"/>
        <line num="23" count="8" type="cond" truecount="2" falsecount="0"/>
        <line num="24" count="7" type="stmt"/>
        <line num="26" count="1" type="stmt"/>
        <line num="29" count="1" type="stmt"/>
        <line num="30" count="1" type="stmt"/>
        <line num="33" count="9" type="stmt"/>
        <line num="37" count="22" type="stmt"/>
        <line num="38" count="4" type="stmt"/>
        <line num="40" count="4" type="cond" truecount="2" falsecount="0"/>
        <line num="41" count="1" type="stmt"/>
        <line num="42" count="1" type="stmt"/>
        <line num="45" count="3" type="stmt"/>
        <line num="46" count="3" type="stmt"/>
        <line num="47" count="3" type="stmt"/>
        <line num="48" count="3" type="stmt"/>
        <line num="49" count="3" type="stmt"/>
        <line num="50" count="3" type="stmt"/>
        <line num="51" count="3" type="stmt"/>
        <line num="53" count="3" type="stmt"/>
        <line num="57" count="2" type="cond" truecount="2" falsecount="0"/>
        <line num="58" count="1" type="stmt"/>
        <line num="59" count="1" type="stmt"/>
        <line num="60" count="1" type="stmt"/>
        <line num="62" count="1" type="stmt"/>
        <line num="65" count="1" type="stmt"/>
        <line num="66" count="1" type="stmt"/>
        <line num="71" count="22" type="stmt"/>
        <line num="72" count="5" type="stmt"/>
        <line num="73" count="5" type="stmt"/>
        <line num="76" count="22" type="stmt"/>
        <line num="85" count="4" type="stmt"/>
        <line num="133" count="2" type="stmt"/>
      </file>
    </package>
    <package name="Orders">
      <metrics statements="31" coveredstatements="31" conditionals="43" coveredconditionals="37" methods="8" coveredmethods="8"/>
      <file name="Orders.jsx" path="D:\PMTK_2025_SGU\SGU_KTPM_DO-AN\admin\src\pages\Orders\Orders.jsx">
        <metrics statements="31" coveredstatements="31" conditionals="43" coveredconditionals="37" methods="8" coveredmethods="8"/>
        <line num="8" count="1" type="stmt"/>
        <line num="9" count="15" type="stmt"/>
        <line num="11" count="15" type="stmt"/>
        <line num="12" count="11" type="cond" truecount="1" falsecount="1"/>
        <line num="14" count="15" type="stmt"/>
        <line num="15" count="9" type="stmt"/>
        <line num="16" count="9" type="stmt"/>
        <line num="17" count="8" type="cond" truecount="2" falsecount="0"/>
        <line num="18" count="7" type="stmt"/>
        <line num="20" count="1" type="cond" truecount="1" falsecount="1"/>
        <line num="23" count="1" type="stmt"/>
        <line num="24" count="1" type="stmt"/>
        <line num="28" count="15" type="stmt"/>
        <line num="29" count="3" type="stmt"/>
        <line num="30" count="3" type="stmt"/>
        <line num="31" count="3" type="stmt"/>
        <line num="35" count="2" type="cond" truecount="2" falsecount="0"/>
        <line num="36" count="1" type="stmt"/>
        <line num="37" count="1" type="stmt"/>
        <line num="39" count="1" type="cond" truecount="1" falsecount="1"/>
        <line num="42" count="1" type="stmt"/>
        <line num="43" count="1" type="cond" truecount="2" falsecount="0"/>
        <line num="47" count="15" type="stmt"/>
        <line num="48" count="8" type="stmt"/>
        <line num="51" count="15" type="stmt"/>
        <line num="57" count="6" type="cond" truecount="1" falsecount="1"/>
        <line num="58" count="6" type="cond" truecount="1" falsecount="1"/>
        <line num="59" count="6" type="stmt"/>
        <line num="64" count="6" type="stmt"/>
        <line num="136" count="5" type="stmt"/>
        <line num="158" count="3" type="stmt"/>
      </file>
    </package>
  </project>
</coverage>
