{"D:\\PMTK_2025_SGU\\SGU_KTPM_DO-AN\\admin\\src\\pages\\Add\\Add.jsx": {"path":"D:\\PMTK_2025_SGU\\SGU_KTPM_DO-AN\\admin\\src\\pages\\Add\\Add.jsx","statementMap":{"0":{"start":{"line":8,"column":12},"end":{"line":157,"column":1}},"1":{"start":{"line":9,"column":28},"end":{"line":9,"column":42}},"2":{"start":{"line":10,"column":38},"end":{"line":10,"column":50}},"3":{"start":{"line":11,"column":26},"end":{"line":16,"column":4}},"4":{"start":{"line":19,"column":2},"end":{"line":34,"column":9}},"5":{"start":{"line":20,"column":28},"end":{"line":32,"column":5}},"6":{"start":{"line":21,"column":6},"end":{"line":31,"column":7}},"7":{"start":{"line":22,"column":20},"end":{"line":22,"column":63}},"8":{"start":{"line":23,"column":8},"end":{"line":27,"column":9}},"9":{"start":{"line":24,"column":10},"end":{"line":24,"column":45}},"10":{"start":{"line":26,"column":10},"end":{"line":26,"column":49}},"11":{"start":{"line":29,"column":8},"end":{"line":29,"column":52}},"12":{"start":{"line":30,"column":8},"end":{"line":30,"column":45}},"13":{"start":{"line":33,"column":4},"end":{"line":33,"column":22}},"14":{"start":{"line":37,"column":26},"end":{"line":68,"column":3}},"15":{"start":{"line":38,"column":4},"end":{"line":38,"column":27}},"16":{"start":{"line":40,"column":4},"end":{"line":43,"column":5}},"17":{"start":{"line":41,"column":6},"end":{"line":41,"column":35}},"18":{"start":{"line":42,"column":6},"end":{"line":42,"column":13}},"19":{"start":{"line":45,"column":4},"end":{"line":67,"column":5}},"20":{"start":{"line":46,"column":23},"end":{"line":46,"column":37}},"21":{"start":{"line":47,"column":6},"end":{"line":47,"column":41}},"22":{"start":{"line":48,"column":6},"end":{"line":48,"column":55}},"23":{"start":{"line":49,"column":6},"end":{"line":49,"column":51}},"24":{"start":{"line":50,"column":6},"end":{"line":50,"column":53}},"25":{"start":{"line":51,"column":6},"end":{"line":51,"column":38}},"26":{"start":{"line":53,"column":23},"end":{"line":55,"column":8}},"27":{"start":{"line":57,"column":6},"end":{"line":63,"column":7}},"28":{"start":{"line":58,"column":8},"end":{"line":58,"column":45}},"29":{"start":{"line":59,"column":8},"end":{"line":59,"column":74}},"30":{"start":{"line":60,"column":8},"end":{"line":60,"column":23}},"31":{"start":{"line":62,"column":8},"end":{"line":62,"column":43}},"32":{"start":{"line":65,"column":6},"end":{"line":65,"column":41}},"33":{"start":{"line":66,"column":6},"end":{"line":66,"column":44}},"34":{"start":{"line":71,"column":26},"end":{"line":74,"column":3}},"35":{"start":{"line":72,"column":28},"end":{"line":72,"column":40}},"36":{"start":{"line":73,"column":4},"end":{"line":73,"column":50}},"37":{"start":{"line":73,"column":21},"end":{"line":73,"column":47}},"38":{"start":{"line":76,"column":2},"end":{"line":156,"column":4}},"39":{"start":{"line":85,"column":33},"end":{"line":85,"column":61}},"40":{"start":{"line":85,"column":62},"end":{"line":85,"column":82}},"41":{"start":{"line":133,"column":16},"end":{"line":135,"column":25}}},"fnMap":{"0":{"name":"(anonymous_0)","decl":{"start":{"line":8,"column":12},"end":{"line":8,"column":13}},"loc":{"start":{"line":8,"column":18},"end":{"line":157,"column":1}},"line":8},"1":{"name":"(anonymous_1)","decl":{"start":{"line":19,"column":12},"end":{"line":19,"column":13}},"loc":{"start":{"line":19,"column":18},"end":{"line":34,"column":3}},"line":19},"2":{"name":"(anonymous_2)","decl":{"start":{"line":20,"column":28},"end":{"line":20,"column":29}},"loc":{"start":{"line":20,"column":40},"end":{"line":32,"column":5}},"line":20},"3":{"name":"(anonymous_3)","decl":{"start":{"line":37,"column":26},"end":{"line":37,"column":27}},"loc":{"start":{"line":37,"column":43},"end":{"line":68,"column":3}},"line":37},"4":{"name":"(anonymous_4)","decl":{"start":{"line":71,"column":26},"end":{"line":71,"column":27}},"loc":{"start":{"line":71,"column":37},"end":{"line":74,"column":3}},"line":71},"5":{"name":"(anonymous_5)","decl":{"start":{"line":73,"column":12},"end":{"line":73,"column":13}},"loc":{"start":{"line":73,"column":21},"end":{"line":73,"column":47}},"line":73},"6":{"name":"(anonymous_6)","decl":{"start":{"line":85,"column":24},"end":{"line":85,"column":25}},"loc":{"start":{"line":85,"column":31},"end":{"line":85,"column":84}},"line":85},"7":{"name":"(anonymous_7)","decl":{"start":{"line":132,"column":30},"end":{"line":132,"column":31}},"loc":{"start":{"line":133,"column":16},"end":{"line":135,"column":25}},"line":133}},"branchMap":{"0":{"loc":{"start":{"line":23,"column":8},"end":{"line":27,"column":9}},"type":"if","locations":[{"start":{"line":23,"column":8},"end":{"line":27,"column":9}},{"start":{"line":25,"column":15},"end":{"line":27,"column":9}}],"line":23},"1":{"loc":{"start":{"line":40,"column":4},"end":{"line":43,"column":5}},"type":"if","locations":[{"start":{"line":40,"column":4},"end":{"line":43,"column":5}},{"start":{},"end":{}}],"line":40},"2":{"loc":{"start":{"line":57,"column":6},"end":{"line":63,"column":7}},"type":"if","locations":[{"start":{"line":57,"column":6},"end":{"line":63,"column":7}},{"start":{"line":61,"column":13},"end":{"line":63,"column":7}}],"line":57},"3":{"loc":{"start":{"line":91,"column":22},"end":{"line":91,"column":78}},"type":"cond-expr","locations":[{"start":{"line":91,"column":31},"end":{"line":91,"column":49}},{"start":{"line":91,"column":52},"end":{"line":91,"column":78}}],"line":91}},"s":{"0":1,"1":22,"2":22,"3":22,"4":22,"5":9,"6":9,"7":9,"8":8,"9":7,"10":1,"11":1,"12":1,"13":9,"14":22,"15":4,"16":4,"17":1,"18":1,"19":3,"20":3,"21":3,"22":3,"23":3,"24":3,"25":3,"26":3,"27":2,"28":1,"29":1,"30":1,"31":1,"32":1,"33":1,"34":22,"35":5,"36":5,"37":5,"38":22,"39":4,"40":4,"41":2},"f":{"0":22,"1":9,"2":9,"3":4,"4":5,"5":5,"6":4,"7":2},"b":{"0":[7,1],"1":[1,3],"2":[1,1],"3":[12,10]},"_coverageSchema":"1a1c01bbd47fc00a2c39e90264f33305004495a9","hash":"8f316fb821ccffaa8e6b87a9c69638efe94fd038"}
,"D:\\PMTK_2025_SGU\\SGU_KTPM_DO-AN\\admin\\src\\pages\\Orders\\Orders.jsx": {"path":"D:\\PMTK_2025_SGU\\SGU_KTPM_DO-AN\\admin\\src\\pages\\Orders\\Orders.jsx","statementMap":{"0":{"start":{"line":8,"column":14},"end":{"line":184,"column":1}},"1":{"start":{"line":9,"column":30},"end":{"line":9,"column":42}},"2":{"start":{"line":11,"column":22},"end":{"line":12,"column":53}},"3":{"start":{"line":12,"column":4},"end":{"line":12,"column":53}},"4":{"start":{"line":14,"column":25},"end":{"line":26,"column":3}},"5":{"start":{"line":15,"column":4},"end":{"line":25,"column":5}},"6":{"start":{"line":16,"column":18},"end":{"line":16,"column":58}},"7":{"start":{"line":17,"column":6},"end":{"line":21,"column":7}},"8":{"start":{"line":18,"column":8},"end":{"line":18,"column":48}},"9":{"start":{"line":20,"column":8},"end":{"line":20,"column":68}},"10":{"start":{"line":23,"column":6},"end":{"line":23,"column":23}},"11":{"start":{"line":24,"column":6},"end":{"line":24,"column":48}},"12":{"start":{"line":28,"column":24},"end":{"line":45,"column":3}},"13":{"start":{"line":29,"column":4},"end":{"line":44,"column":5}},"14":{"start":{"line":30,"column":19},"end":{"line":30,"column":37}},"15":{"start":{"line":31,"column":18},"end":{"line":34,"column":8}},"16":{"start":{"line":35,"column":6},"end":{"line":40,"column":7}},"17":{"start":{"line":36,"column":8},"end":{"line":36,"column":31}},"18":{"start":{"line":37,"column":8},"end":{"line":37,"column":56}},"19":{"start":{"line":39,"column":8},"end":{"line":39,"column":62}},"20":{"start":{"line":42,"column":6},"end":{"line":42,"column":23}},"21":{"start":{"line":43,"column":6},"end":{"line":43,"column":86}},"22":{"start":{"line":47,"column":2},"end":{"line":49,"column":9}},"23":{"start":{"line":48,"column":4},"end":{"line":48,"column":21}},"24":{"start":{"line":51,"column":2},"end":{"line":183,"column":4}},"25":{"start":{"line":57,"column":23},"end":{"line":57,"column":42}},"26":{"start":{"line":58,"column":28},"end":{"line":58,"column":61}},"27":{"start":{"line":59,"column":26},"end":{"line":61,"column":1}},"28":{"start":{"line":64,"column":10},"end":{"line":175,"column":12}},"29":{"start":{"line":136,"column":22},"end":{"line":144,"column":27}},"30":{"start":{"line":158,"column":39},"end":{"line":158,"column":66}}},"fnMap":{"0":{"name":"(anonymous_0)","decl":{"start":{"line":8,"column":14},"end":{"line":8,"column":15}},"loc":{"start":{"line":8,"column":20},"end":{"line":184,"column":1}},"line":8},"1":{"name":"(anonymous_1)","decl":{"start":{"line":11,"column":22},"end":{"line":11,"column":23}},"loc":{"start":{"line":12,"column":4},"end":{"line":12,"column":53}},"line":12},"2":{"name":"(anonymous_2)","decl":{"start":{"line":14,"column":25},"end":{"line":14,"column":26}},"loc":{"start":{"line":14,"column":37},"end":{"line":26,"column":3}},"line":14},"3":{"name":"(anonymous_3)","decl":{"start":{"line":28,"column":24},"end":{"line":28,"column":25}},"loc":{"start":{"line":28,"column":50},"end":{"line":45,"column":3}},"line":28},"4":{"name":"(anonymous_4)","decl":{"start":{"line":47,"column":12},"end":{"line":47,"column":13}},"loc":{"start":{"line":47,"column":18},"end":{"line":49,"column":3}},"line":47},"5":{"name":"(anonymous_5)","decl":{"start":{"line":56,"column":20},"end":{"line":56,"column":21}},"loc":{"start":{"line":56,"column":31},"end":{"line":176,"column":9}},"line":56},"6":{"name":"(anonymous_6)","decl":{"start":{"line":135,"column":38},"end":{"line":135,"column":39}},"loc":{"start":{"line":136,"column":22},"end":{"line":144,"column":27}},"line":136},"7":{"name":"(anonymous_7)","decl":{"start":{"line":158,"column":32},"end":{"line":158,"column":33}},"loc":{"start":{"line":158,"column":39},"end":{"line":158,"column":66}},"line":158}},"branchMap":{"0":{"loc":{"start":{"line":12,"column":11},"end":{"line":12,"column":17}},"type":"binary-expr","locations":[{"start":{"line":12,"column":11},"end":{"line":12,"column":12}},{"start":{"line":12,"column":16},"end":{"line":12,"column":17}}],"line":12},"1":{"loc":{"start":{"line":17,"column":6},"end":{"line":21,"column":7}},"type":"if","locations":[{"start":{"line":17,"column":6},"end":{"line":21,"column":7}},{"start":{"line":19,"column":13},"end":{"line":21,"column":7}}],"line":17},"2":{"loc":{"start":{"line":20,"column":20},"end":{"line":20,"column":66}},"type":"binary-expr","locations":[{"start":{"line":20,"column":20},"end":{"line":20,"column":37}},{"start":{"line":20,"column":41},"end":{"line":20,"column":66}}],"line":20},"3":{"loc":{"start":{"line":35,"column":6},"end":{"line":40,"column":7}},"type":"if","locations":[{"start":{"line":35,"column":6},"end":{"line":40,"column":7}},{"start":{"line":38,"column":13},"end":{"line":40,"column":7}}],"line":35},"4":{"loc":{"start":{"line":39,"column":20},"end":{"line":39,"column":60}},"type":"binary-expr","locations":[{"start":{"line":39,"column":20},"end":{"line":39,"column":37}},{"start":{"line":39,"column":41},"end":{"line":39,"column":60}}],"line":39},"5":{"loc":{"start":{"line":43,"column":18},"end":{"line":43,"column":84}},"type":"binary-expr","locations":[{"start":{"line":43,"column":18},"end":{"line":43,"column":44}},{"start":{"line":43,"column":48},"end":{"line":43,"column":84}}],"line":43},"6":{"loc":{"start":{"line":57,"column":23},"end":{"line":57,"column":42}},"type":"binary-expr","locations":[{"start":{"line":57,"column":23},"end":{"line":57,"column":36}},{"start":{"line":57,"column":40},"end":{"line":57,"column":42}}],"line":57},"7":{"loc":{"start":{"line":58,"column":35},"end":{"line":58,"column":50}},"type":"binary-expr","locations":[{"start":{"line":58,"column":35},"end":{"line":58,"column":44}},{"start":{"line":58,"column":48},"end":{"line":58,"column":50}}],"line":58},"8":{"loc":{"start":{"line":60,"column":3},"end":{"line":60,"column":21}},"type":"binary-expr","locations":[{"start":{"line":60,"column":3},"end":{"line":60,"column":15}},{"start":{"line":60,"column":19},"end":{"line":60,"column":21}}],"line":60},"9":{"loc":{"start":{"line":74,"column":21},"end":{"line":74,"column":72}},"type":"cond-expr","locations":[{"start":{"line":74,"column":37},"end":{"line":74,"column":52}},{"start":{"line":74,"column":55},"end":{"line":74,"column":72}}],"line":74},"10":{"loc":{"start":{"line":78,"column":21},"end":{"line":78,"column":45}},"type":"binary-expr","locations":[{"start":{"line":78,"column":21},"end":{"line":78,"column":40}},{"start":{"line":78,"column":44},"end":{"line":78,"column":45}}],"line":78},"11":{"loc":{"start":{"line":91,"column":26},"end":{"line":91,"column":46}},"type":"binary-expr","locations":[{"start":{"line":91,"column":26},"end":{"line":91,"column":40}},{"start":{"line":91,"column":44},"end":{"line":91,"column":46}}],"line":91},"12":{"loc":{"start":{"line":91,"column":57},"end":{"line":91,"column":76}},"type":"binary-expr","locations":[{"start":{"line":91,"column":57},"end":{"line":91,"column":70}},{"start":{"line":91,"column":74},"end":{"line":91,"column":76}}],"line":91},"13":{"loc":{"start":{"line":97,"column":28},"end":{"line":97,"column":58}},"type":"binary-expr","locations":[{"start":{"line":97,"column":28},"end":{"line":97,"column":38}},{"start":{"line":97,"column":42},"end":{"line":97,"column":51}},{"start":{"line":97,"column":55},"end":{"line":97,"column":58}}],"line":97},"14":{"loc":{"start":{"line":102,"column":28},"end":{"line":102,"column":45}},"type":"binary-expr","locations":[{"start":{"line":102,"column":28},"end":{"line":102,"column":38}},{"start":{"line":102,"column":42},"end":{"line":102,"column":45}}],"line":102},"15":{"loc":{"start":{"line":107,"column":28},"end":{"line":107,"column":46}},"type":"binary-expr","locations":[{"start":{"line":107,"column":28},"end":{"line":107,"column":39}},{"start":{"line":107,"column":43},"end":{"line":107,"column":46}}],"line":107},"16":{"loc":{"start":{"line":112,"column":28},"end":{"line":112,"column":44}},"type":"binary-expr","locations":[{"start":{"line":112,"column":28},"end":{"line":112,"column":37}},{"start":{"line":112,"column":41},"end":{"line":112,"column":44}}],"line":112},"17":{"loc":{"start":{"line":117,"column":28},"end":{"line":117,"column":45}},"type":"binary-expr","locations":[{"start":{"line":117,"column":28},"end":{"line":117,"column":38}},{"start":{"line":117,"column":42},"end":{"line":117,"column":45}}],"line":117},"18":{"loc":{"start":{"line":122,"column":28},"end":{"line":122,"column":47}},"type":"binary-expr","locations":[{"start":{"line":122,"column":28},"end":{"line":122,"column":40}},{"start":{"line":122,"column":44},"end":{"line":122,"column":47}}],"line":122},"19":{"loc":{"start":{"line":127,"column":28},"end":{"line":127,"column":47}},"type":"binary-expr","locations":[{"start":{"line":127,"column":28},"end":{"line":127,"column":40}},{"start":{"line":127,"column":44},"end":{"line":127,"column":47}}],"line":127},"20":{"loc":{"start":{"line":178,"column":9},"end":{"line":180,"column":9}},"type":"binary-expr","locations":[{"start":{"line":178,"column":9},"end":{"line":178,"column":28}},{"start":{"line":179,"column":10},"end":{"line":179,"column":65}}],"line":178}},"s":{"0":1,"1":15,"2":15,"3":11,"4":15,"5":9,"6":9,"7":8,"8":7,"9":1,"10":1,"11":1,"12":15,"13":3,"14":3,"15":3,"16":2,"17":1,"18":1,"19":1,"20":1,"21":1,"22":15,"23":8,"24":15,"25":6,"26":6,"27":6,"28":6,"29":5,"30":3},"f":{"0":15,"1":11,"2":9,"3":3,"4":8,"5":6,"6":5,"7":3},"b":{"0":[11,0],"1":[7,1],"2":[1,0],"3":[1,1],"4":[1,0],"5":[1,1],"6":[6,0],"7":[6,0],"8":[6,0],"9":[1,5],"10":[6,1],"11":[6,5],"12":[6,5],"13":[6,5,5],"14":[6,6],"15":[6,6],"16":[6,6],"17":[6,6],"18":[6,6],"19":[6,6],"20":[15,9]},"_coverageSchema":"1a1c01bbd47fc00a2c39e90264f33305004495a9","hash":"8707156a94766f4a1131e1d34d4e47a08da66052"}
}
