TN:
SF:src\pages\Add\Add.jsx
FN:8,(anonymous_0)
FN:19,(anonymous_1)
FN:20,(anonymous_2)
FN:37,(anonymous_3)
FN:71,(anonymous_4)
FN:73,(anonymous_5)
FN:85,(anonymous_6)
FN:132,(anonymous_7)
FNF:8
FNH:8
FNDA:22,(anonymous_0)
FNDA:9,(anonymous_1)
FNDA:9,(anonymous_2)
FNDA:4,(anonymous_3)
FNDA:5,(anonymous_4)
FNDA:5,(anonymous_5)
FNDA:4,(anonymous_6)
FNDA:2,(anonymous_7)
DA:8,1
DA:9,22
DA:10,22
DA:11,22
DA:19,22
DA:20,9
DA:21,9
DA:22,9
DA:23,8
DA:24,7
DA:26,1
DA:29,1
DA:30,1
DA:33,9
DA:37,22
DA:38,4
DA:40,4
DA:41,1
DA:42,1
DA:45,3
DA:46,3
DA:47,3
DA:48,3
DA:49,3
DA:50,3
DA:51,3
DA:53,3
DA:57,2
DA:58,1
DA:59,1
DA:60,1
DA:62,1
DA:65,1
DA:66,1
DA:71,22
DA:72,5
DA:73,5
DA:76,22
DA:85,4
DA:133,2
LF:40
LH:40
BRDA:23,0,0,7
BRDA:23,0,1,1
BRDA:40,1,0,1
BRDA:40,1,1,3
BRDA:57,2,0,1
BRDA:57,2,1,1
BRDA:91,3,0,12
BRDA:91,3,1,10
BRF:8
BRH:8
end_of_record
TN:
SF:src\pages\Orders\Orders.jsx
FN:8,(anonymous_0)
FN:11,(anonymous_1)
FN:14,(anonymous_2)
FN:28,(anonymous_3)
FN:47,(anonymous_4)
FN:56,(anonymous_5)
FN:135,(anonymous_6)
FN:158,(anonymous_7)
FNF:8
FNH:8
FNDA:15,(anonymous_0)
FNDA:11,(anonymous_1)
FNDA:9,(anonymous_2)
FNDA:3,(anonymous_3)
FNDA:8,(anonymous_4)
FNDA:6,(anonymous_5)
FNDA:5,(anonymous_6)
FNDA:3,(anonymous_7)
DA:8,1
DA:9,15
DA:11,15
DA:12,11
DA:14,15
DA:15,9
DA:16,9
DA:17,8
DA:18,7
DA:20,1
DA:23,1
DA:24,1
DA:28,15
DA:29,3
DA:30,3
DA:31,3
DA:35,2
DA:36,1
DA:37,1
DA:39,1
DA:42,1
DA:43,1
DA:47,15
DA:48,8
DA:51,15
DA:57,6
DA:58,6
DA:59,6
DA:64,6
DA:136,5
DA:158,3
LF:31
LH:31
BRDA:12,0,0,11
BRDA:12,0,1,0
BRDA:17,1,0,7
BRDA:17,1,1,1
BRDA:20,2,0,1
BRDA:20,2,1,0
BRDA:35,3,0,1
BRDA:35,3,1,1
BRDA:39,4,0,1
BRDA:39,4,1,0
BRDA:43,5,0,1
BRDA:43,5,1,1
BRDA:57,6,0,6
BRDA:57,6,1,0
BRDA:58,7,0,6
BRDA:58,7,1,0
BRDA:60,8,0,6
BRDA:60,8,1,0
BRDA:74,9,0,1
BRDA:74,9,1,5
BRDA:78,10,0,6
BRDA:78,10,1,1
BRDA:91,11,0,6
BRDA:91,11,1,5
BRDA:91,12,0,6
BRDA:91,12,1,5
BRDA:97,13,0,6
BRDA:97,13,1,5
BRDA:97,13,2,5
BRDA:102,14,0,6
BRDA:102,14,1,6
BRDA:107,15,0,6
BRDA:107,15,1,6
BRDA:112,16,0,6
BRDA:112,16,1,6
BRDA:117,17,0,6
BRDA:117,17,1,6
BRDA:122,18,0,6
BRDA:122,18,1,6
BRDA:127,19,0,6
BRDA:127,19,1,6
BRDA:178,20,0,15
BRDA:178,20,1,9
BRF:43
BRH:37
end_of_record
